<?xml version="1.0" encoding="UTF-8"?>
<!-- Generated by org.testng.reporters.JUnitXMLReporter -->
<testsuite hostname="Ирюнкэ-ПК" ignored="0" name="Command line test" tests="2" failures="0" timestamp="03 лист. 2018 21:23:15 GMT" time="0.126" errors="0">
  <testcase name="testDivision" time="0.033" classname="testpackage.testHomeWork11.testCalculator.TestCalculator"/>
  <testcase name="testMultiply" time="0.001" classname="testpackage.testHomeWork11.testCalculator.TestCalculator"/>
</testsuite> <!-- Command line test -->
