<?xml version="1.0" encoding="UTF-8"?>
<testng-results skipped="0" failed="0" ignored="0" total="2" passed="2">
  <reporter-output>
  </reporter-output>
  <suite name="Command line suite" duration-ms="126" started-at="2018-11-03T21:23:15Z" finished-at="2018-11-03T21:23:15Z">
    <groups>
    </groups>
    <test name="Command line test" duration-ms="126" started-at="2018-11-03T21:23:15Z" finished-at="2018-11-03T21:23:15Z">
      <class name="testpackage.testHomeWork11.testCalculator.TestCalculator">
        <test-method status="PASS" signature="testDivision()[pri:0, instance:testpackage.testHomeWork11.testCalculator.TestCalculator@133c8f8]" name="testDivision" duration-ms="33" started-at="2018-11-03T21:23:15Z" finished-at="2018-11-03T21:23:15Z">
          <reporter-output>
          </reporter-output>
        </test-method> <!-- testDivision -->
        <test-method status="PASS" signature="testMultiply()[pri:0, instance:testpackage.testHomeWork11.testCalculator.TestCalculator@133c8f8]" name="testMultiply" duration-ms="1" started-at="2018-11-03T21:23:15Z" finished-at="2018-11-03T21:23:15Z">
          <reporter-output>
          </reporter-output>
        </test-method> <!-- testMultiply -->
      </class> <!-- testpackage.testHomeWork11.testCalculator.TestCalculator -->
    </test> <!-- Command line test -->
  </suite> <!-- Command line suite -->
</testng-results>
